# JRE version: OpenJDK Runtime Environment Microsoft-8035246 (17.0.8+7) (build 17.0.8+7-LTS)
# Java VM: OpenJDK 64-Bit Server VM Microsoft-8035246 (17.0.8+7-LTS, mixed mode, sharing, tiered, compressed oops, compressed class ptrs, g1 gc, windows-amd64)
GC Precious Log:
 CPUs: 12 total, 12 available
 Memory: 16181M
 Large Page Support: Disabled
 NUMA Support: Disabled
 Compressed Oops: Enabled (32-bit)
 Heap Region Size: 1M
 Heap Min Capacity: 8M
 Heap Initial Capacity: 254M
 Heap Max Capacity: 2G
 Pre-touch: Disabled
 Parallel Workers: 10
 Concurrent Workers: 3
 Concurrent Refinement Workers: 10
 Periodic GC: Disabled
Heap:
 garbage-first heap   total 284672K, used 206758K [0x0000000080000000, 0x0000000100000000)
  region size 1024K, 15 young (15360K), 7 survivors (7168K)
 Metaspace       used 108832K, committed 109952K, reserved 557056K
  class space    used 15188K, committed 15680K, reserved 425984K
GC Heap History (20 events):
Event: 28.525 GC heap before
{Heap before GC invocations=64 (full 0):
 garbage-first heap   total 236544K, used 198818K [0x0000000080000000, 0x0000000100000000)
  region size 1024K, 31 young (31744K), 2 survivors (2048K)
 Metaspace       used 106418K, committed 107520K, reserved 557056K
  class space    used 14885K, committed 15360K, reserved 425984K
}
Event: 28.528 GC heap after
{Heap after GC invocations=65 (full 0):
 garbage-first heap   total 236544K, used 173254K [0x0000000080000000, 0x0000000100000000)
  region size 1024K, 4 young (4096K), 4 survivors (4096K)
 Metaspace       used 106418K, committed 107520K, reserved 557056K
  class space    used 14885K, committed 15360K, reserved 425984K
}
Event: 28.696 GC heap before
{Heap before GC invocations=65 (full 0):
 garbage-first heap   total 236544K, used 199878K [0x0000000080000000, 0x0000000100000000)
  region size 1024K, 30 young (30720K), 4 survivors (4096K)
 Metaspace       used 106970K, committed 108096K, reserved 557056K
  class space    used 14941K, committed 15424K, reserved 425984K
}
Event: 28.699 GC heap after
{Heap after GC invocations=66 (full 0):
 garbage-first heap   total 236544K, used 176701K [0x0000000080000000, 0x0000000100000000)
  region size 1024K, 4 young (4096K), 4 survivors (4096K)
 Metaspace       used 106970K, committed 108096K, reserved 557056K
  class space    used 14941K, committed 15424K, reserved 425984K
}
Event: 28.849 GC heap before
{Heap before GC invocations=66 (full 0):
 garbage-first heap   total 236544K, used 201277K [0x0000000080000000, 0x0000000100000000)
  region size 1024K, 28 young (28672K), 4 survivors (4096K)
 Metaspace       used 107080K, committed 108160K, reserved 557056K
  class space    used 14942K, committed 15424K, reserved 425984K
}
Event: 28.852 GC heap after
{Heap after GC invocations=67 (full 0):
 garbage-first heap   total 236544K, used 179113K [0x0000000080000000, 0x0000000100000000)
  region size 1024K, 3 young (3072K), 3 survivors (3072K)
 Metaspace       used 107080K, committed 108160K, reserved 557056K
  class space    used 14942K, committed 15424K, reserved 425984K
}
Event: 28.943 GC heap before
{Heap before GC invocations=67 (full 0):
 garbage-first heap   total 236544K, used 201641K [0x0000000080000000, 0x0000000100000000)
  region size 1024K, 25 young (25600K), 3 survivors (3072K)
 Metaspace       used 107286K, committed 108352K, reserved 557056K
  class space    used 14961K, committed 15424K, reserved 425984K
}
Event: 28.947 GC heap after
{Heap after GC invocations=68 (full 0):
 garbage-first heap   total 236544K, used 182023K [0x0000000080000000, 0x0000000100000000)
  region size 1024K, 4 young (4096K), 4 survivors (4096K)
 Metaspace       used 107286K, committed 108352K, reserved 557056K
  class space    used 14961K, committed 15424K, reserved 425984K
}
Event: 29.059 GC heap before
{Heap before GC invocations=68 (full 0):
 garbage-first heap   total 236544K, used 201479K [0x0000000080000000, 0x0000000100000000)
  region size 1024K, 24 young (24576K), 4 survivors (4096K)
 Metaspace       used 107992K, committed 109056K, reserved 557056K
  class space    used 15127K, committed 15616K, reserved 425984K
}
Event: 29.062 GC heap after
{Heap after GC invocations=69 (full 0):
 garbage-first heap   total 236544K, used 183569K [0x0000000080000000, 0x0000000100000000)
  region size 1024K, 2 young (2048K), 2 survivors (2048K)
 Metaspace       used 107992K, committed 109056K, reserved 557056K
  class space    used 15127K, committed 15616K, reserved 425984K
}
Event: 29.158 GC heap before
{Heap before GC invocations=69 (full 0):
 garbage-first heap   total 236544K, used 203025K [0x0000000080000000, 0x0000000100000000)
  region size 1024K, 22 young (22528K), 2 survivors (2048K)
 Metaspace       used 108172K, committed 109248K, reserved 557056K
  class space    used 15134K, committed 15616K, reserved 425984K
}
Event: 29.160 GC heap after
{Heap after GC invocations=70 (full 0):
 garbage-first heap   total 236544K, used 184115K [0x0000000080000000, 0x0000000100000000)
  region size 1024K, 3 young (3072K), 3 survivors (3072K)
 Metaspace       used 108172K, committed 109248K, reserved 557056K
  class space    used 15134K, committed 15616K, reserved 425984K
}
Event: 29.285 GC heap before
{Heap before GC invocations=70 (full 0):
 garbage-first heap   total 236544K, used 203571K [0x0000000080000000, 0x0000000100000000)
  region size 1024K, 23 young (23552K), 3 survivors (3072K)
 Metaspace       used 108459K, committed 109568K, reserved 557056K
  class space    used 15177K, committed 15680K, reserved 425984K
}
Event: 29.287 GC heap after
{Heap after GC invocations=71 (full 0):
 garbage-first heap   total 236544K, used 185058K [0x0000000080000000, 0x0000000100000000)
  region size 1024K, 2 young (2048K), 2 survivors (2048K)
 Metaspace       used 108459K, committed 109568K, reserved 557056K
  class space    used 15177K, committed 15680K, reserved 425984K
}
Event: 29.351 GC heap before
{Heap before GC invocations=71 (full 0):
 garbage-first heap   total 236544K, used 205538K [0x0000000080000000, 0x0000000100000000)
  region size 1024K, 23 young (23552K), 2 survivors (2048K)
 Metaspace       used 108587K, committed 109696K, reserved 557056K
  class space    used 15182K, committed 15680K, reserved 425984K
}
Event: 29.354 GC heap after
{Heap after GC invocations=72 (full 0):
 garbage-first heap   total 236544K, used 188555K [0x0000000080000000, 0x0000000100000000)
  region size 1024K, 3 young (3072K), 3 survivors (3072K)
 Metaspace       used 108587K, committed 109696K, reserved 557056K
  class space    used 15182K, committed 15680K, reserved 425984K
}
Event: 29.387 GC heap before
{Heap before GC invocations=72 (full 0):
 garbage-first heap   total 236544K, used 203915K [0x0000000080000000, 0x0000000100000000)
  region size 1024K, 19 young (19456K), 3 survivors (3072K)
 Metaspace       used 108645K, committed 109760K, reserved 557056K
  class space    used 15182K, committed 15680K, reserved 425984K
}
Event: 29.389 GC heap after
{Heap after GC invocations=73 (full 0):
 garbage-first heap   total 284672K, used 189690K [0x0000000080000000, 0x0000000100000000)
  region size 1024K, 1 young (1024K), 1 survivors (1024K)
 Metaspace       used 108645K, committed 109760K, reserved 557056K
  class space    used 15182K, committed 15680K, reserved 425984K
}
Event: 29.739 GC heap before
{Heap before GC invocations=73 (full 0):
 garbage-first heap   total 284672K, used 246010K [0x0000000080000000, 0x0000000100000000)
  region size 1024K, 53 young (54272K), 1 survivors (1024K)
 Metaspace       used 108651K, committed 109760K, reserved 557056K
  class space    used 15182K, committed 15680K, reserved 425984K
}
Event: 29.740 GC heap after
{Heap after GC invocations=74 (full 0):
 garbage-first heap   total 284672K, used 196269K [0x0000000080000000, 0x0000000100000000)
  region size 1024K, 4 young (4096K), 4 survivors (4096K)
 Metaspace       used 108651K, committed 109760K, reserved 557056K
  class space    used 15182K, committed 15680K, reserved 425984K
}

